<?xml version="1.0" encoding="UTF-8"?>
<testsuite name="테스트 도구 - Form 데이터 인코더" tests="1" skipped="0" failures="0" errors="0" timestamp="2024-05-02T07:57:30" hostname="Yunui-MacBookAir.local" time="0.503">
  <properties/>
  <testcase name="객체를 넣으면, url encoding 된 form body data 형식의 문자열을 돌려준다." classname="org.test.board.demo_board.util.FormDataEncoderTest" time="0.503"/>
  <system-out><![CDATA[
  .   ____          _            __ _ _
 /\\ / ___'_ __ _ _(_)_ __  __ _ \ \ \ \
( ( )\___ | '_ | '_| | '_ \/ _` | \ \ \ \
 \\/  ___)| |_)| | | | | || (_| |  ) ) ) )
  '  |____| .__|_| |_|_| |_\__, | / / / /
 =========|_|==============|___/=/_/_/_/
 :: Spring Boot ::                (v3.2.4)

2024-05-02T16:57:30.433+09:00  INFO 5317 --- [    Test worker] o.t.b.d.util.FormDataEncoderTest         : Starting FormDataEncoderTest using Java 21.0.2 with PID 5317 (started by yunkim in /Users/yunkim/Downloads/jpa-board/demo_board)
2024-05-02T16:57:30.435+09:00  INFO 5317 --- [    Test worker] o.t.b.d.util.FormDataEncoderTest         : No active profile set, falling back to 1 default profile: "default"
2024-05-02T16:57:30.592+09:00  INFO 5317 --- [    Test worker] o.t.b.d.util.FormDataEncoderTest         : Started FormDataEncoderTest in 0.298 seconds (process running for 0.844)
]]></system-out>
  <system-err><![CDATA[WARNING: A Java agent has been loaded dynamically (/Users/yunkim/.gradle/caches/modules-2/files-2.1/net.bytebuddy/byte-buddy-agent/1.14.12/be4984cb6fd1ef1d11f218a648889dfda44b8a15/byte-buddy-agent-1.14.12.jar)
WARNING: If a serviceability tool is in use, please run with -XX:+EnableDynamicAgentLoading to hide this warning
WARNING: If a serviceability tool is not in use, please run with -Djdk.instrument.traceUsage for more information
WARNING: Dynamic loading of agents will be disallowed by default in a future release
]]></system-err>
</testsuite>
