<?xml version="1.0" encoding="UTF-8"?>
<testsuite name="org.test.board.demo_board.service.PaginationServiceTest" tests="11" skipped="0" failures="0" errors="0" timestamp="2024-05-02T09:13:25" hostname="Yunui-MacBookAir.local" time="0.523">
  <properties/>
  <testcase name="[1] 현재 페이지: 0, 총 페이지: 13 =&gt; [0, 1, 2, 3, 4]" classname="org.test.board.demo_board.service.PaginationServiceTest" time="0.484"/>
  <testcase name="[2] 현재 페이지: 1, 총 페이지: 13 =&gt; [0, 1, 2, 3, 4]" classname="org.test.board.demo_board.service.PaginationServiceTest" time="0.002"/>
  <testcase name="[3] 현재 페이지: 2, 총 페이지: 13 =&gt; [0, 1, 2, 3, 4]" classname="org.test.board.demo_board.service.PaginationServiceTest" time="0.002"/>
  <testcase name="[4] 현재 페이지: 3, 총 페이지: 13 =&gt; [1, 2, 3, 4, 5]" classname="org.test.board.demo_board.service.PaginationServiceTest" time="0.003"/>
  <testcase name="[5] 현재 페이지: 4, 총 페이지: 13 =&gt; [2, 3, 4, 5, 6]" classname="org.test.board.demo_board.service.PaginationServiceTest" time="0.002"/>
  <testcase name="[6] 현재 페이지: 5, 총 페이지: 13 =&gt; [3, 4, 5, 6, 7]" classname="org.test.board.demo_board.service.PaginationServiceTest" time="0.001"/>
  <testcase name="[7] 현재 페이지: 6, 총 페이지: 13 =&gt; [4, 5, 6, 7, 8]" classname="org.test.board.demo_board.service.PaginationServiceTest" time="0.001"/>
  <testcase name="[8] 현재 페이지: 10, 총 페이지: 13 =&gt; [8, 9, 10, 11, 12]" classname="org.test.board.demo_board.service.PaginationServiceTest" time="0.001"/>
  <testcase name="[9] 현재 페이지: 11, 총 페이지: 13 =&gt; [9, 10, 11, 12]" classname="org.test.board.demo_board.service.PaginationServiceTest" time="0.003"/>
  <testcase name="[10] 현재 페이지: 12, 총 페이지: 13 =&gt; [10, 11, 12]" classname="org.test.board.demo_board.service.PaginationServiceTest" time="0.001"/>
  <testcase name="현재 설정되어 있는 페이지네이션 바의 길이를 알려준다." classname="org.test.board.demo_board.service.PaginationServiceTest" time="0.003"/>
  <system-out><![CDATA[
  .   ____          _            __ _ _
 /\\ / ___'_ __ _ _(_)_ __  __ _ \ \ \ \
( ( )\___ | '_ | '_| | '_ \/ _` | \ \ \ \
 \\/  ___)| |_)| | | | | || (_| |  ) ) ) )
  '  |____| .__|_| |_|_| |_\__, | / / / /
 =========|_|==============|___/=/_/_/_/
 :: Spring Boot ::                (v3.2.4)

2024-05-02T18:13:25.742+09:00  INFO 12854 --- [    Test worker] o.t.b.d.service.PaginationServiceTest    : Starting PaginationServiceTest using Java 21.0.2 with PID 12854 (started by yunkim in /Users/yunkim/Downloads/jpa-board/demo_board)
2024-05-02T18:13:25.744+09:00  INFO 12854 --- [    Test worker] o.t.b.d.service.PaginationServiceTest    : No active profile set, falling back to 1 default profile: "default"
2024-05-02T18:13:25.890+09:00  INFO 12854 --- [    Test worker] o.t.b.d.service.PaginationServiceTest    : Started PaginationServiceTest in 0.288 seconds (process running for 0.872)
]]></system-out>
  <system-err><![CDATA[WARNING: A Java agent has been loaded dynamically (/Users/yunkim/.gradle/caches/modules-2/files-2.1/net.bytebuddy/byte-buddy-agent/1.14.12/be4984cb6fd1ef1d11f218a648889dfda44b8a15/byte-buddy-agent-1.14.12.jar)
WARNING: If a serviceability tool is in use, please run with -XX:+EnableDynamicAgentLoading to hide this warning
WARNING: If a serviceability tool is not in use, please run with -Djdk.instrument.traceUsage for more information
WARNING: Dynamic loading of agents will be disallowed by default in a future release
]]></system-err>
</testsuite>
