<?xml version="1.0" encoding="UTF-8"?>
<testsuite name="비즈니스 로직 - 해시태그" tests="38" skipped="0" failures="0" errors="0" timestamp="2024-05-07T08:01:29" hostname="Yunui-MacBookAir.local" time="0.75">
  <properties/>
  <testcase name="해시태그 이름들을 입력하면, 저장된 해시태그 중 이름에 매칭하는 것들을 중복 없이 반환한다." classname="org.test.board.demo_board.service.HashtagServiceTest" time="0.637"/>
  <testcase name="[1] &quot;null&quot; =&gt; []" classname="org.test.board.demo_board.service.HashtagServiceTest" time="0.01"/>
  <testcase name="[2] &quot;&quot; =&gt; []" classname="org.test.board.demo_board.service.HashtagServiceTest" time="0.002"/>
  <testcase name="[3] &quot;   &quot; =&gt; []" classname="org.test.board.demo_board.service.HashtagServiceTest" time="0.002"/>
  <testcase name="[4] &quot;#&quot; =&gt; []" classname="org.test.board.demo_board.service.HashtagServiceTest" time="0.002"/>
  <testcase name="[5] &quot;  #&quot; =&gt; []" classname="org.test.board.demo_board.service.HashtagServiceTest" time="0.001"/>
  <testcase name="[6] &quot;#   &quot; =&gt; []" classname="org.test.board.demo_board.service.HashtagServiceTest" time="0.002"/>
  <testcase name="[7] &quot;java&quot; =&gt; []" classname="org.test.board.demo_board.service.HashtagServiceTest" time="0.002"/>
  <testcase name="[8] &quot;java#&quot; =&gt; []" classname="org.test.board.demo_board.service.HashtagServiceTest" time="0.001"/>
  <testcase name="[9] &quot;ja#va&quot; =&gt; [va]" classname="org.test.board.demo_board.service.HashtagServiceTest" time="0.003"/>
  <testcase name="[10] &quot;#java&quot; =&gt; [java]" classname="org.test.board.demo_board.service.HashtagServiceTest" time="0.002"/>
  <testcase name="[11] &quot;#java_spring&quot; =&gt; [java_spring]" classname="org.test.board.demo_board.service.HashtagServiceTest" time="0.003"/>
  <testcase name="[12] &quot;#java-spring&quot; =&gt; [java]" classname="org.test.board.demo_board.service.HashtagServiceTest" time="0.002"/>
  <testcase name="[13] &quot;#_java_spring&quot; =&gt; [_java_spring]" classname="org.test.board.demo_board.service.HashtagServiceTest" time="0.002"/>
  <testcase name="[14] &quot;#-java-spring&quot; =&gt; []" classname="org.test.board.demo_board.service.HashtagServiceTest" time="0.001"/>
  <testcase name="[15] &quot;#_java_spring__&quot; =&gt; [_java_spring__]" classname="org.test.board.demo_board.service.HashtagServiceTest" time="0.002"/>
  <testcase name="[16] &quot;#java#spring&quot; =&gt; [spring, java]" classname="org.test.board.demo_board.service.HashtagServiceTest" time="0.001"/>
  <testcase name="[17] &quot;#java #spring&quot; =&gt; [spring, java]" classname="org.test.board.demo_board.service.HashtagServiceTest" time="0.001"/>
  <testcase name="[18] &quot;#java  #spring&quot; =&gt; [spring, java]" classname="org.test.board.demo_board.service.HashtagServiceTest" time="0.002"/>
  <testcase name="[19] &quot;#java   #spring&quot; =&gt; [spring, java]" classname="org.test.board.demo_board.service.HashtagServiceTest" time="0.001"/>
  <testcase name="[20] &quot;#java     #spring&quot; =&gt; [spring, java]" classname="org.test.board.demo_board.service.HashtagServiceTest" time="0.001"/>
  <testcase name="[21] &quot;  #java     #spring &quot; =&gt; [spring, java]" classname="org.test.board.demo_board.service.HashtagServiceTest" time="0.001"/>
  <testcase name="[22] &quot;   #java     #spring   &quot; =&gt; [spring, java]" classname="org.test.board.demo_board.service.HashtagServiceTest" time="0.001"/>
  <testcase name="[23] &quot;#java#spring#부트&quot; =&gt; [java, 부트, spring]" classname="org.test.board.demo_board.service.HashtagServiceTest" time="0.002"/>
  <testcase name="[24] &quot;#java #spring#부트&quot; =&gt; [java, 부트, spring]" classname="org.test.board.demo_board.service.HashtagServiceTest" time="0.001"/>
  <testcase name="[25] &quot;#java#spring #부트&quot; =&gt; [java, 부트, spring]" classname="org.test.board.demo_board.service.HashtagServiceTest" time="0.002"/>
  <testcase name="[26] &quot;#java,#spring,#부트&quot; =&gt; [java, 부트, spring]" classname="org.test.board.demo_board.service.HashtagServiceTest" time="0.001"/>
  <testcase name="[27] &quot;#java.#spring;#부트&quot; =&gt; [java, 부트, spring]" classname="org.test.board.demo_board.service.HashtagServiceTest" time="0.001"/>
  <testcase name="[28] &quot;#java|#spring:#부트&quot; =&gt; [java, 부트, spring]" classname="org.test.board.demo_board.service.HashtagServiceTest" time="0.001"/>
  <testcase name="[29] &quot;#java #spring  #부트&quot; =&gt; [java, 부트, spring]" classname="org.test.board.demo_board.service.HashtagServiceTest" time="0.001"/>
  <testcase name="[30] &quot;   #java,? #spring  ...  #부트 &quot; =&gt; [java, 부트, spring]" classname="org.test.board.demo_board.service.HashtagServiceTest" time="0.002"/>
  <testcase name="[31] &quot;#java#java#spring#부트&quot; =&gt; [java, 부트, spring]" classname="org.test.board.demo_board.service.HashtagServiceTest" time="0.001"/>
  <testcase name="[32] &quot;#java#java#java#spring#부트&quot; =&gt; [java, 부트, spring]" classname="org.test.board.demo_board.service.HashtagServiceTest" time="0.001"/>
  <testcase name="[33] &quot;#java#spring#java#부트#java&quot; =&gt; [java, 부트, spring]" classname="org.test.board.demo_board.service.HashtagServiceTest" time="0.001"/>
  <testcase name="[34] &quot;#java#스프링 아주 긴 글~~~~~~~~~~~~~~~~~~~~~&quot; =&gt; [스프링, java]" classname="org.test.board.demo_board.service.HashtagServiceTest" time="0.001"/>
  <testcase name="[35] &quot;아주 긴 글~~~~~~~~~~~~~~~~~~~~~#java#스프링&quot; =&gt; [스프링, java]" classname="org.test.board.demo_board.service.HashtagServiceTest" time="0.002"/>
  <testcase name="[36] &quot;아주 긴 글~~~~~~#java#스프링~~~~~~~~~~~~~~~&quot; =&gt; [스프링, java]" classname="org.test.board.demo_board.service.HashtagServiceTest" time="0.001"/>
  <testcase name="[37] &quot;아주 긴 글~~~~~~#java~~~~~~~#스프링~~~~~~~~&quot; =&gt; [스프링, java]" classname="org.test.board.demo_board.service.HashtagServiceTest" time="0.001"/>
  <system-out><![CDATA[]]></system-out>
  <system-err><![CDATA[WARNING: A Java agent has been loaded dynamically (/Users/yunkim/.gradle/caches/modules-2/files-2.1/net.bytebuddy/byte-buddy-agent/1.14.12/be4984cb6fd1ef1d11f218a648889dfda44b8a15/byte-buddy-agent-1.14.12.jar)
WARNING: If a serviceability tool is in use, please run with -XX:+EnableDynamicAgentLoading to hide this warning
WARNING: If a serviceability tool is not in use, please run with -Djdk.instrument.traceUsage for more information
WARNING: Dynamic loading of agents will be disallowed by default in a future release
]]></system-err>
</testsuite>
