<?xml version="1.0" encoding="UTF-8"?>
<testsuite name="View 컨트롤러 - 게시글" tests="1" skipped="0" failures="0" errors="0" timestamp="2024-05-10T07:28:11" hostname="Yunui-MacBookAir.local" time="0.198">
  <properties/>
  <testcase name="[view][GET] 게시글 리스트 (게시판) 페이지 - 정상 호출" classname="org.test.board.demo_board.controller.ArticleControllerTest" time="0.198"/>
  <system-out><![CDATA[16:28:09.374 [Test worker] INFO org.springframework.test.context.support.AnnotationConfigContextLoaderUtils -- Could not detect default configuration classes for test class [org.test.board.demo_board.controller.ArticleControllerTest]: ArticleControllerTest does not declare any static, non-private, non-final, nested classes annotated with @Configuration.
16:28:09.448 [Test worker] INFO org.springframework.boot.test.context.SpringBootTestContextBootstrapper -- Found @SpringBootConfiguration org.test.board.demo_board.DemoBoardApplication for test class org.test.board.demo_board.controller.ArticleControllerTest

  .   ____          _            __ _ _
 /\\ / ___'_ __ _ _(_)_ __  __ _ \ \ \ \
( ( )\___ | '_ | '_| | '_ \/ _` | \ \ \ \
 \\/  ___)| |_)| | | | | || (_| |  ) ) ) )
  '  |____| .__|_| |_|_| |_\__, | / / / /
 =========|_|==============|___/=/_/_/_/
 :: Spring Boot ::                (v3.2.4)

2024-05-10T16:28:09.646+09:00  INFO 33797 --- [    Test worker] o.t.b.d.c.ArticleControllerTest          : Starting ArticleControllerTest using Java 21.0.2 with PID 33797 (started by yunkim in /Users/yunkim/Downloads/jpa-board/demo_board)
2024-05-10T16:28:09.646+09:00  INFO 33797 --- [    Test worker] o.t.b.d.c.ArticleControllerTest          : No active profile set, falling back to 1 default profile: "default"
2024-05-10T16:28:10.799+09:00  INFO 33797 --- [    Test worker] o.s.b.a.w.s.WelcomePageHandlerMapping    : Adding welcome page template: index
2024-05-10T16:28:10.832+09:00 DEBUG 33797 --- [    Test worker] s.w.s.m.m.a.RequestMappingHandlerMapping : 10 mappings in 'requestMappingHandlerMapping'
2024-05-10T16:28:10.877+09:00 DEBUG 33797 --- [    Test worker] o.s.w.s.handler.SimpleUrlHandlerMapping  : Patterns [/webjars/**, /**] in 'resourceHandlerMapping'
2024-05-10T16:28:10.899+09:00  INFO 33797 --- [    Test worker] o.s.s.web.DefaultSecurityFilterChain     : Will secure any request with [org.springframework.security.web.session.DisableEncodeUrlFilter@bc52a41, org.springframework.security.web.context.request.async.WebAsyncManagerIntegrationFilter@9f48198, org.springframework.security.web.context.SecurityContextHolderFilter@45f241df, org.springframework.security.web.header.HeaderWriterFilter@4990b335, org.springframework.web.filter.CorsFilter@5615f82d, org.springframework.security.web.authentication.logout.LogoutFilter@1a3c4b3e, org.springframework.security.web.authentication.UsernamePasswordAuthenticationFilter@74f649a7, org.springframework.security.web.authentication.ui.DefaultLoginPageGeneratingFilter@60e67c06, org.springframework.security.web.authentication.ui.DefaultLogoutPageGeneratingFilter@21698e5a, org.springframework.security.web.savedrequest.RequestCacheAwareFilter@72e36677, org.springframework.security.web.servletapi.SecurityContextHolderAwareRequestFilter@6b86826a, org.springframework.security.web.authentication.AnonymousAuthenticationFilter@3dc2f14, org.springframework.security.web.session.SessionManagementFilter@39ae6408, org.springframework.security.web.access.ExceptionTranslationFilter@f0c1ae1, org.springframework.security.web.access.intercept.AuthorizationFilter@74b7497b]
2024-05-10T16:28:10.952+09:00 DEBUG 33797 --- [    Test worker] s.w.s.m.m.a.RequestMappingHandlerAdapter : ControllerAdvice beans: 0 @ModelAttribute, 0 @InitBinder, 1 RequestBodyAdvice, 1 ResponseBodyAdvice
2024-05-10T16:28:10.966+09:00 DEBUG 33797 --- [    Test worker] .m.m.a.ExceptionHandlerExceptionResolver : ControllerAdvice beans: 0 @ExceptionHandler, 1 ResponseBodyAdvice
2024-05-10T16:28:11.033+09:00  INFO 33797 --- [    Test worker] o.s.b.t.m.w.SpringBootMockServletContext : Initializing Spring TestDispatcherServlet ''
2024-05-10T16:28:11.034+09:00  INFO 33797 --- [    Test worker] o.s.t.web.servlet.TestDispatcherServlet  : Initializing Servlet ''
2024-05-10T16:28:11.034+09:00  INFO 33797 --- [    Test worker] o.s.t.web.servlet.TestDispatcherServlet  : Completed initialization in 0 ms
2024-05-10T16:28:11.051+09:00  INFO 33797 --- [    Test worker] o.t.b.d.c.ArticleControllerTest          : Started ArticleControllerTest in 1.568 seconds (process running for 2.107)
2024-05-10T16:28:11.092+09:00 DEBUG 33797 --- [    Test worker] s.w.s.m.m.a.RequestMappingHandlerMapping : Mapped to org.test.board.demo_board.controller.ArticleController#articles(SearchType, String, Pageable, ModelMap)
2024-05-10T16:28:11.112+09:00 DEBUG 33797 --- [    Test worker] o.s.w.s.v.ContentNegotiatingViewResolver : Selected '*/*' given [*/*]
]]></system-out>
  <system-err><![CDATA[WARNING: A Java agent has been loaded dynamically (/Users/yunkim/.gradle/caches/modules-2/files-2.1/net.bytebuddy/byte-buddy-agent/1.14.12/be4984cb6fd1ef1d11f218a648889dfda44b8a15/byte-buddy-agent-1.14.12.jar)
WARNING: If a serviceability tool is in use, please run with -XX:+EnableDynamicAgentLoading to hide this warning
WARNING: If a serviceability tool is not in use, please run with -Djdk.instrument.traceUsage for more information
WARNING: Dynamic loading of agents will be disallowed by default in a future release
]]></system-err>
</testsuite>
