<?xml version="1.0" encoding="UTF-8"?>
<testsuite name="비즈니스 로직 - 게시글" tests="4" skipped="0" failures="0" errors="0" timestamp="2024-05-03T08:25:17" hostname="Yunui-MacBookAir.local" time="0.757">
  <properties/>
  <testcase name="검색어 없이 게시글을 검색하면, 게시글 페이지를 반환한다." classname="org.test.board.demo_board.service.ArticleServiceTest" time="0.745"/>
  <testcase name="없는 해시태그를 검색하면, 빈 페이지를 반환한다." classname="org.test.board.demo_board.service.ArticleServiceTest" time="0.003"/>
  <testcase name="검색어 없이 게시글을 해시태그 검색하면, 빈 페이지를 반환한다." classname="org.test.board.demo_board.service.ArticleServiceTest" time="0.002"/>
  <testcase name="검색어와 함께 게시글을 검색하면, 게시글 페이지를 반환한다." classname="org.test.board.demo_board.service.ArticleServiceTest" time="0.003"/>
  <system-out><![CDATA[]]></system-out>
  <system-err><![CDATA[WARNING: A Java agent has been loaded dynamically (/Users/yunkim/.gradle/caches/modules-2/files-2.1/net.bytebuddy/byte-buddy-agent/1.14.12/be4984cb6fd1ef1d11f218a648889dfda44b8a15/byte-buddy-agent-1.14.12.jar)
WARNING: If a serviceability tool is in use, please run with -XX:+EnableDynamicAgentLoading to hide this warning
WARNING: If a serviceability tool is not in use, please run with -Djdk.instrument.traceUsage for more information
WARNING: Dynamic loading of agents will be disallowed by default in a future release
]]></system-err>
</testsuite>
